app/build/outputs/mapping/debug/seeds.txt
vadeworks.paperdroid.R$anim: int abc_fade_in
vadeworks.paperdroid.R$anim: int abc_fade_out
vadeworks.paperdroid.R$anim: int abc_grow_fade_in_from_bottom
vadeworks.paperdroid.R$anim: int abc_popup_enter
vadeworks.paperdroid.R$anim: int abc_popup_exit
vadeworks.paperdroid.R$anim: int abc_shrink_fade_out_from_bottom
vadeworks.paperdroid.R$anim: int abc_slide_in_bottom
vadeworks.paperdroid.R$anim: int abc_slide_in_top
vadeworks.paperdroid.R$anim: int abc_slide_out_bottom
vadeworks.paperdroid.R$anim: int abc_slide_out_top
vadeworks.paperdroid.R$anim: int design_bottom_sheet_slide_in
vadeworks.paperdroid.R$anim: int design_bottom_sheet_slide_out
vadeworks.paperdroid.R$anim: int design_snackbar_in
vadeworks.paperdroid.R$anim: int design_snackbar_out
vadeworks.paperdroid.R$anim: int downtoup
vadeworks.paperdroid.R$anim: int tooltip_enter
vadeworks.paperdroid.R$anim: int tooltip_exit
vadeworks.paperdroid.R$anim: int uptodown
vadeworks.paperdroid.R$animator: int design_appbar_state_list_animator
vadeworks.paperdroid.R$attr: int actionBarDivider
vadeworks.paperdroid.R$attr: int actionBarItemBackground
vadeworks.paperdroid.R$attr: int actionBarPopupTheme
vadeworks.paperdroid.R$attr: int actionBarSize
vadeworks.paperdroid.R$attr: int actionBarSplitStyle
vadeworks.paperdroid.R$attr: int actionBarStyle
vadeworks.paperdroid.R$attr: int actionBarTabBarStyle
vadeworks.paperdroid.R$attr: int actionBarTabStyle
vadeworks.paperdroid.R$attr: int actionBarTabTextStyle
vadeworks.paperdroid.R$attr: int actionBarTheme
vadeworks.paperdroid.R$attr: int actionBarWidgetTheme
vadeworks.paperdroid.R$attr: int actionButtonStyle
vadeworks.paperdroid.R$attr: int actionDropDownStyle
vadeworks.paperdroid.R$attr: int actionLayout
vadeworks.paperdroid.R$attr: int actionMenuTextAppearance
vadeworks.paperdroid.R$attr: int actionMenuTextColor
vadeworks.paperdroid.R$attr: int actionModeBackground
vadeworks.paperdroid.R$attr: int actionModeCloseButtonStyle
vadeworks.paperdroid.R$attr: int actionModeCloseDrawable
vadeworks.paperdroid.R$attr: int actionModeCopyDrawable
vadeworks.paperdroid.R$attr: int actionModeCutDrawable
vadeworks.paperdroid.R$attr: int actionModeFindDrawable
vadeworks.paperdroid.R$attr: int actionModePasteDrawable
vadeworks.paperdroid.R$attr: int actionModePopupWindowStyle
vadeworks.paperdroid.R$attr: int actionModeSelectAllDrawable
vadeworks.paperdroid.R$attr: int actionModeShareDrawable
vadeworks.paperdroid.R$attr: int actionModeSplitBackground
vadeworks.paperdroid.R$bool: int abc_action_bar_embed_tabs
vadeworks.paperdroid.R$bool: int abc_allow_stacked_button_bar
vadeworks.paperdroid.R$bool: int abc_config_actionMenuItemAllCaps
vadeworks.paperdroid.R$bool: int abc_config_closeDialogWhenTouchOutside
vadeworks.paperdroid.R$bool: int abc_config_showMenuShortcutsWhenKeyboardPresent
...
android.support.graphics.drawable.animated.R$styleable: int[] FontFamily
android.support.graphics.drawable.animated.R$styleable: int FontFamily_fontProviderAuthority
android.support.graphics.drawable.animated.R$styleable: int FontFamily_fontProviderCerts
android.support.graphics.drawable.animated.R$styleable: int FontFamily_fontProviderFetchStrategy
android.support.graphics.drawable.animated.R$styleable: int FontFamily_fontProviderFetchTimeout
android.support.graphics.drawable.animated.R$styleable: int FontFamily_fontProviderPackage
android.support.graphics.drawable.animated.R$styleable: int FontFamily_fontProviderQuery
android.support.graphics.drawable.animated.R$styleable: int[] FontFamilyFont
android.support.graphics.drawable.animated.R$styleable: int FontFamilyFont_font
android.support.graphics.drawable.animated.R$styleable: int FontFamilyFont_fontStyle
android.support.graphics.drawable.animated.R$styleable: int FontFamilyFont_fontWeight
android.support.mediacompat.R$attr: int font
android.support.mediacompat.R$attr: int fontProviderAuthority
android.support.mediacompat.R$attr: int fontProviderCerts
android.support.mediacompat.R$attr: int fontProviderFetchStrategy
android.support.mediacompat.R$attr: int fontProviderFetchTimeout
android.support.mediacompat.R$attr: int fontProviderPackage
android.support.mediacompat.R$attr: int fontProviderQuery
android.support.mediacompat.R$attr: int fontStyle
android.support.mediacompat.R$attr: int fontWeight
android.support.mediacompat.R$bool: int abc_action_bar_embed_tabs
android.support.mediacompat.R$color: int notification_action_color_filter
android.support.mediacompat.R$color: int notification_icon_bg_color
android.support.mediacompat.R$color: int notification_material_background_media_default_color
android.support.mediacompat.R$color: int primary_text_default_material_dark
android.support.mediacompat.R$color: int ripple_material_light
android.support.mediacompat.R$color: int secondary_text_default_material_dark
android.support.mediacompat.R$color: int secondary_text_default_material_light
android.support.mediacompat.R$dimen: int compat_button_inset_horizontal_material
android.support.mediacompat.R$dimen: int compat_button_inset_vertical_material
android.support.mediacompat.R$dimen: int compat_button_padding_horizontal_material
android.support.mediacompat.R$dimen: int compat_button_padding_vertical_material
android.support.mediacompat.R$dimen: int compat_control_corner_material
android.support.mediacompat.R$dimen: int notification_action_icon_size
android.support.mediacompat.R$dimen: int notification_action_text_size
android.support.mediacompat.R$dimen: int notification_big_circle_margin
android.support.mediacompat.R$dimen: int notification_content_margin_start
android.support.mediacompat.R$dimen: int notification_large_icon_height
android.support.mediacompat.R$dimen: int notification_large_icon_width
android.support.mediacompat.R$dimen: int notification_main_column_padding_top
android.support.mediacompat.R$dimen: int notification_media_narrow_margin
android.support.mediacompat.R$dimen: int notification_right_icon_size
android.support.mediacompat.R$dimen: int notification_right_side_padding_top
android.support.mediacompat.R$dimen: int notification_small_icon_background_padding
android.support.mediacompat.R$dimen: int notification_small_icon_size_as_large
android.support.mediacompat.R$dimen: int notification_subtext_size
android.support.mediacompat.R$dimen: int notification_top_pad
android.support.mediacompat.R$dimen: int notification_top_pad_large_text