app/build/outputs/mapping/debug/mapping.txt
vadeworks.paperdroid.R -> vadeworks.a.a:
vadeworks.paperdroid.R$styleable -> vadeworks.a.a$a:
    int[] ActionBar -> ActionBar
    int[] ActionBarLayout -> ActionBarLayout
    int ActionBarLayout_android_layout_gravity -> ActionBarLayout_android_layout_gravity
    int ActionBar_background -> ActionBar_background
    int ActionBar_backgroundSplit -> ActionBar_backgroundSplit
    int ActionBar_backgroundStacked -> ActionBar_backgroundStacked
    int ActionBar_contentInsetEnd -> ActionBar_contentInsetEnd
    int ActionBar_contentInsetEndWithActions -> ActionBar_contentInsetEndWithActions
    int ActionBar_contentInsetLeft -> ActionBar_contentInsetLeft
    int ActionBar_contentInsetRight -> ActionBar_contentInsetRight
    int ActionBar_contentInsetStart -> ActionBar_contentInsetStart
    int ActionBar_contentInsetStartWithNavigation -> ActionBar_contentInsetStartWithNavigation
    int ActionBar_customNavigationLayout -> ActionBar_customNavigationLayout
    int ActionBar_displayOptions -> ActionBar_displayOptions
    int ActionBar_divider -> ActionBar_divider
    int ActionBar_elevation -> ActionBar_elevation
    int ActionBar_height -> ActionBar_height
    int ActionBar_hideOnContentScroll -> ActionBar_hideOnContentScroll
    int ActionBar_homeAsUpIndicator -> ActionBar_homeAsUpIndicator
    int ActionBar_homeLayout -> ActionBar_homeLayout
    int ActionBar_icon -> ActionBar_icon
    int ActionBar_indeterminateProgressStyle -> ActionBar_indeterminateProgressStyle
    int ActionBar_itemPadding -> ActionBar_itemPadding
...
android.support.v4.media.session.MediaSessionCompat -> android.support.v4.media.session.MediaSessionCompat:
android.support.v4.media.session.MediaSessionCompat$QueueItem -> android.support.v4.media.session.MediaSessionCompat$QueueItem:
    android.support.v4.media.MediaDescriptionCompat mDescription -> a
    long mId -> b
    java.lang.Object mItem -> c
    android.os.Parcelable$Creator CREATOR -> CREATOR
    void <init>(java.lang.Object,android.support.v4.media.MediaDescriptionCompat,long) -> <init>
    void <init>(android.os.Parcel) -> <init>
    void writeToParcel(android.os.Parcel,int) -> writeToParcel
    int describeContents() -> describeContents
    android.support.v4.media.session.MediaSessionCompat$QueueItem fromQueueItem(java.lang.Object) -> a
    java.util.List fromQueueItemList(java.util.List) -> a
    java.lang.String toString() -> toString
    void <clinit>() -> <clinit>
android.support.v4.media.session.MediaSessionCompat$QueueItem$1 -> android.support.v4.media.session.MediaSessionCompat$QueueItem$1:
    void <init>() -> <init>
    android.support.v4.media.session.MediaSessionCompat$QueueItem createFromParcel(android.os.Parcel) -> a
    android.support.v4.media.session.MediaSessionCompat$QueueItem[] newArray(int) -> a
    java.lang.Object[] newArray(int) -> newArray
    java.lang.Object createFromParcel(android.os.Parcel) -> createFromParcel
android.support.v4.media.session.MediaSessionCompat$ResultReceiverWrapper -> android.support.v4.media.session.MediaSessionCompat$ResultReceiverWrapper:
    android.os.ResultReceiver mResultReceiver -> a
    android.os.Parcelable$Creator CREATOR -> CREATOR
    void <init>(android.os.Parcel) -> <init>
    int describeContents() -> describeContents
    void writeToParcel(android.os.Parcel,int) -> writeToParcel
    void <clinit>() -> <clinit>
android.support.v4.media.session.MediaSessionCompat$ResultReceiverWrapper$1 -> android.support.v4.media.session.MediaSessionCompat$ResultReceiverWrapper$1:
    void <init>() -> <init>
    android.support.v4.media.session.MediaSessionCompat$ResultReceiverWrapper createFromParcel(android.os.Parcel) -> a
    android.support.v4.media.session.MediaSessionCompat$ResultReceiverWrapper[] newArray(int) -> a
    java.lang.Object[] newArray(int) -> newArray
    java.lang.Object createFromParcel(android.os.Parcel) -> createFromParcel
android.support.v4.media.session.MediaSessionCompat$Token -> android.support.v4.media.session.MediaSessionCompat$Token:
    java.lang.Object mInner -> a
    android.support.v4.media.session.IMediaSession mExtraBinder -> b
    android.os.Parcelable$Creator CREATOR -> CREATOR
    void <init>(java.lang.Object) -> <init>
    void <init>(java.lang.Object,android.support.v4.media.session.IMediaSession) -> <init>
    int describeContents() -> describeContents
    void writeToParcel(android.os.Parcel,int) -> writeToParcel
    int hashCode() -> hashCode
    boolean equals(java.lang.Object) -> equals
    void <clinit>() -> <clinit>
android.support.v4.media.session.MediaSessionCompat$Token$1 -> android.support.v4.media.session.MediaSessionCompat$Token$1:
    void <init>() -> <init>
    android.support.v4.media.session.MediaSessionCompat$Token createFromParcel(android.os.Parcel) -> a
    android.support.v4.media.session.MediaSessionCompat$Token[] newArray(int) -> a
    java.lang.Object[] newArray(int) -> newArray
    java.lang.Object createFromParcel(android.os.Parcel) -> createFromParcel
android.support.v4.media.session.MediaSessionCompatApi21 -> android.support.v4.media.session.d:
android.support.v4.media.session.MediaSessionCompatApi21$QueueItem -> android.support.v4.media.session.d$a:
    java.lang.Object getDescription(java.lang.Object) -> a
    long getQueueId(java.lang.Object) -> b