app/build/outputs/mapping/debug/usage.txt
vadeworks.paperdroid.BuildConfig
vadeworks.paperdroid.Manifest
vadeworks.paperdroid.Manifest$permission
vadeworks.paperdroid.R:
    10:10:public R()
vadeworks.paperdroid.R$anim
vadeworks.paperdroid.R$animator
vadeworks.paperdroid.R$attr
vadeworks.paperdroid.R$bool
vadeworks.paperdroid.R$color
vadeworks.paperdroid.R$dimen
vadeworks.paperdroid.R$drawable
vadeworks.paperdroid.R$id
vadeworks.paperdroid.R$integer
vadeworks.paperdroid.R$layout
vadeworks.paperdroid.R$menu
vadeworks.paperdroid.R$mipmap
vadeworks.paperdroid.R$raw
vadeworks.paperdroid.R$string
vadeworks.paperdroid.R$style
vadeworks.paperdroid.R$styleable:
    4767:4767:public R$styleable()
...
com.google.android.gms.internal.zzas
com.google.android.gms.internal.zzat
com.google.android.gms.internal.zzau
com.google.android.gms.internal.zzb
com.google.android.gms.internal.zzbdy
com.google.android.gms.internal.zzbdz
com.google.android.gms.internal.zzbea
com.google.android.gms.internal.zzbeb
com.google.android.gms.internal.zzbec
com.google.android.gms.internal.zzbed
com.google.android.gms.internal.zzbee
com.google.android.gms.internal.zzbef
com.google.android.gms.internal.zzbeg
com.google.android.gms.internal.zzbeh
com.google.android.gms.internal.zzbei
com.google.android.gms.internal.zzbej
com.google.android.gms.internal.zzbek
com.google.android.gms.internal.zzbel
com.google.android.gms.internal.zzbem
com.google.android.gms.internal.zzben
com.google.android.gms.internal.zzbeo
com.google.android.gms.internal.zzbep
com.google.android.gms.internal.zzbeq
com.google.android.gms.internal.zzber
com.google.android.gms.internal.zzbes
com.google.android.gms.internal.zzbet
com.google.android.gms.internal.zzbeu
com.google.android.gms.internal.zzbev
com.google.android.gms.internal.zzbew
com.google.android.gms.internal.zzbex
com.google.android.gms.internal.zzbey:
    public static com.google.android.gms.internal.zzbey zza(java.lang.String,java.lang.Float)
com.google.android.gms.internal.zzbfc
com.google.android.gms.internal.zzbff
com.google.android.gms.internal.zzbfg
com.google.android.gms.internal.zzbfh
com.google.android.gms.internal.zzbfi
com.google.android.gms.internal.zzbfj
com.google.android.gms.internal.zzbfk
com.google.android.gms.internal.zzbfl
com.google.android.gms.internal.zzbfn:
    public static java.lang.Boolean zzd(android.os.Parcel,int)
    public static byte zze(android.os.Parcel,int)
    public static short zzf(android.os.Parcel,int)
    public static java.lang.Integer zzh(android.os.Parcel,int)
    public static java.math.BigInteger zzk(android.os.Parcel,int)
    public static double zzn(android.os.Parcel,int)
    public static java.math.BigDecimal zzp(android.os.Parcel,int)
    public static byte[] zzt(android.os.Parcel,int)
    public static byte[][] zzu(android.os.Parcel,int)
    public static boolean[] zzv(android.os.Parcel,int)
    public static int[] zzw(android.os.Parcel,int)
    public static long[] zzx(android.os.Parcel,int)
    public static float[] zzy(android.os.Parcel,int)
    public static java.math.BigDecimal[] zzz(android.os.Parcel,int)
    public static java.lang.String[] zzaa(android.os.Parcel,int)
    public static java.util.ArrayList zzab(android.os.Parcel,int)
    public static java.util.ArrayList zzac(android.os.Parcel,int)
    public static android.os.Parcel zzad(android.os.Parcel,int)
    public static android.os.Parcel[] zzae(android.os.Parcel,int)
    public static void zza(android.os.Parcel,int,java.util.List,java.lang.ClassLoader)
com.google.android.gms.internal.zzbfp:
    public static void zza(android.os.Parcel,int,java.lang.Boolean,boolean)
    public static void zza(android.os.Parcel,int,byte)
    public static void zza(android.os.Parcel,int,short)
    public static void zza(android.os.Parcel,int,java.lang.Integer,boolean)
    public static void zza(android.os.Parcel,int,double)
    public static void zza(android.os.Parcel,int,byte[],boolean)
    public static void zza(android.os.Parcel,int,byte[][],boolean)
    public static void zza(android.os.Parcel,int,boolean[],boolean)
    public static void zza(android.os.Parcel,int,int[],boolean)
    public static void zza(android.os.Parcel,int,long[],boolean)
    public static void zza(android.os.Parcel,int,float[],boolean)
    public static void zza(android.os.Parcel,int,java.lang.String[],boolean)
    public static void zza(android.os.Parcel,int,java.util.List,boolean)
    public static void zzb(android.os.Parcel,int,java.util.List,boolean)
    public static void zza(android.os.Parcel,int,android.os.Parcel,boolean)
    public static void zzd(android.os.Parcel,int,java.util.List,boolean)